<?xml version="1.0" encoding="UTF-8"?>
<coverage generated="1683430929275" clover="3.2.0">
  <project timestamp="1683430929276" name="All files">
    <metrics statements="95" coveredstatements="81" conditionals="12" coveredconditionals="11" methods="30" coveredmethods="23" elements="137" coveredelements="115" complexity="0" loc="95" ncloc="95" packages="5" files="8" classes="8"/>
    <package name="sdc-product-overview">
      <metrics statements="2" coveredstatements="2" conditionals="0" coveredconditionals="0" methods="0" coveredmethods="0"/>
      <file name="config.js" path="/home/bsbaker/hackreactor/sdc-product-overview/config.js">
        <metrics statements="2" coveredstatements="2" conditionals="0" coveredconditionals="0" methods="0" coveredmethods="0"/>
        <line num="1" count="1" type="stmt"/>
        <line num="3" count="1" type="stmt"/>
      </file>
    </package>
    <package name="sdc-product-overview.database.SQL">
      <metrics statements="42" coveredstatements="34" conditionals="6" coveredconditionals="5" methods="18" coveredmethods="13"/>
      <file name="helpers.js" path="/home/bsbaker/hackreactor/sdc-product-overview/database/SQL/helpers.js">
        <metrics statements="35" coveredstatements="28" conditionals="6" coveredconditionals="5" methods="16" coveredmethods="12"/>
        <line num="1" count="1" type="stmt"/>
        <line num="3" count="1" type="stmt"/>
        <line num="4" count="10" type="stmt"/>
        <line num="5" count="10" type="stmt"/>
        <line num="6" count="10" type="stmt"/>
        <line num="7" count="10" type="stmt"/>
        <line num="8" count="105" type="stmt"/>
        <line num="21" count="105" type="cond" truecount="1" falsecount="1"/>
        <line num="22" count="0" type="stmt"/>
        <line num="23" count="0" type="stmt"/>
        <line num="25" count="105" type="stmt"/>
        <line num="28" count="0" type="stmt"/>
        <line num="29" count="0" type="stmt"/>
        <line num="32" count="10" type="stmt"/>
        <line num="36" count="1" type="stmt"/>
        <line num="37" count="504" type="stmt"/>
        <line num="38" count="504" type="stmt"/>
        <line num="59" count="504" type="stmt"/>
        <line num="62" count="0" type="stmt"/>
        <line num="67" count="1" type="stmt"/>
        <line num="68" count="204" type="stmt"/>
        <line num="69" count="204" type="stmt"/>
        <line num="90" count="204" type="stmt"/>
        <line num="91" count="204" type="cond" truecount="2" falsecount="0"/>
        <line num="92" count="169" type="stmt"/>
        <line num="94" count="204" type="stmt"/>
        <line num="97" count="0" type="stmt"/>
        <line num="102" count="1" type="stmt"/>
        <line num="103" count="24" type="stmt"/>
        <line num="104" count="24" type="stmt"/>
        <line num="111" count="24" type="cond" truecount="2" falsecount="0"/>
        <line num="112" count="1" type="stmt"/>
        <line num="114" count="24" type="stmt"/>
        <line num="117" count="0" type="stmt"/>
        <line num="123" count="1" type="stmt"/>
      </file>
      <file name="index.js" path="/home/bsbaker/hackreactor/sdc-product-overview/database/SQL/index.js">
        <metrics statements="7" coveredstatements="6" conditionals="0" coveredconditionals="0" methods="2" coveredmethods="1"/>
        <line num="1" count="1" type="stmt"/>
        <line num="3" count="1" type="stmt"/>
        <line num="5" count="1" type="stmt"/>
        <line num="13" count="1" type="stmt"/>
        <line num="15" count="1" type="stmt"/>
        <line num="18" count="0" type="stmt"/>
        <line num="21" count="1" type="stmt"/>
      </file>
    </package>
    <package name="sdc-product-overview.server">
      <metrics statements="13" coveredstatements="13" conditionals="0" coveredconditionals="0" methods="2" coveredmethods="2"/>
      <file name="index.js" path="/home/bsbaker/hackreactor/sdc-product-overview/server/index.js">
        <metrics statements="13" coveredstatements="13" conditionals="0" coveredconditionals="0" methods="2" coveredmethods="2"/>
        <line num="1" count="1" type="stmt"/>
        <line num="2" count="1" type="stmt"/>
        <line num="4" count="1" type="stmt"/>
        <line num="5" count="1" type="stmt"/>
        <line num="6" count="1" type="stmt"/>
        <line num="8" count="1" type="stmt"/>
        <line num="10" count="1" type="stmt"/>
        <line num="11" count="744" type="stmt"/>
        <line num="12" count="744" type="stmt"/>
        <line num="15" count="1" type="stmt"/>
        <line num="17" count="1" type="stmt"/>
        <line num="18" count="1" type="stmt"/>
        <line num="21" count="1" type="stmt"/>
      </file>
    </package>
    <package name="sdc-product-overview.server.routes">
      <metrics statements="37" coveredstatements="31" conditionals="6" coveredconditionals="6" methods="10" coveredmethods="8"/>
      <file name="index.js" path="/home/bsbaker/hackreactor/sdc-product-overview/server/routes/index.js">
        <metrics statements="10" coveredstatements="10" conditionals="0" coveredconditionals="0" methods="4" coveredmethods="4"/>
        <line num="1" count="1" type="stmt"/>
        <line num="3" count="1" type="stmt"/>
        <line num="5" count="1" type="stmt"/>
        <line num="6" count="1" type="stmt"/>
        <line num="8" count="1" type="stmt"/>
        <line num="9" count="10" type="stmt"/>
        <line num="12" count="505" type="stmt"/>
        <line num="14" count="205" type="stmt"/>
        <line num="16" count="24" type="stmt"/>
        <line num="18" count="1" type="stmt"/>
      </file>
      <file name="productDetails.js" path="/home/bsbaker/hackreactor/sdc-product-overview/server/routes/productDetails.js">
        <metrics statements="15" coveredstatements="12" conditionals="2" coveredconditionals="2" methods="3" coveredmethods="2"/>
        <line num="1" count="1" type="stmt"/>
        <line num="4" count="1" type="stmt"/>
        <line num="5" count="734" type="stmt"/>
        <line num="6" count="734" type="stmt"/>
        <line num="7" count="734" type="cond" truecount="2" falsecount="0"/>
        <line num="8" count="2" type="stmt"/>
        <line num="9" count="2" type="stmt"/>
        <line num="10" count="2" type="stmt"/>
        <line num="11" count="2" type="stmt"/>
        <line num="13" count="732" type="stmt"/>
        <line num="15" count="732" type="stmt"/>
        <line num="16" count="732" type="stmt"/>
        <line num="19" count="0" type="stmt"/>
        <line num="20" count="0" type="stmt"/>
        <line num="21" count="0" type="stmt"/>
      </file>
      <file name="productList.js" path="/home/bsbaker/hackreactor/sdc-product-overview/server/routes/productList.js">
        <metrics statements="12" coveredstatements="9" conditionals="4" coveredconditionals="4" methods="3" coveredmethods="2"/>
        <line num="1" count="1" type="stmt"/>
        <line num="3" count="1" type="stmt"/>
        <line num="4" count="10" type="stmt"/>
        <line num="5" count="10" type="stmt"/>
        <line num="6" count="10" type="cond" truecount="2" falsecount="0"/>
        <line num="7" count="10" type="cond" truecount="2" falsecount="0"/>
        <line num="8" count="10" type="stmt"/>
        <line num="10" count="10" type="stmt"/>
        <line num="11" count="10" type="stmt"/>
        <line num="14" count="0" type="stmt"/>
        <line num="15" count="0" type="stmt"/>
        <line num="16" count="0" type="stmt"/>
      </file>
    </package>
    <package name="sdc-product-overview.server.spec">
      <metrics statements="1" coveredstatements="1" conditionals="0" coveredconditionals="0" methods="0" coveredmethods="0"/>
      <file name="productData.js" path="/home/bsbaker/hackreactor/sdc-product-overview/server/spec/productData.js">
        <metrics statements="1" coveredstatements="1" conditionals="0" coveredconditionals="0" methods="0" coveredmethods="0"/>
        <line num="1" count="1" type="stmt"/>
      </file>
    </package>
  </project>
</coverage>
