{"/home/bsbaker/hackreactor/sdc-product-overview/config.js": {"path":"/home/bsbaker/hackreactor/sdc-product-overview/config.js","statementMap":{"0":{"start":{"line":1,"column":0},"end":{"line":1,"column":27}},"1":{"start":{"line":3,"column":0},"end":{"line":15,"column":2}}},"fnMap":{},"branchMap":{},"s":{"0":1,"1":1},"f":{},"b":{},"_coverageSchema":"1a1c01bbd47fc00a2c39e90264f33305004495a9","hash":"9bccd73fa400935bfce1bf479f86bf35594cee26"}
,"/home/bsbaker/hackreactor/sdc-product-overview/database/SQL/helpers.js": {"path":"/home/bsbaker/hackreactor/sdc-product-overview/database/SQL/helpers.js","statementMap":{"0":{"start":{"line":1,"column":11},"end":{"line":1,"column":32}},"1":{"start":{"line":3,"column":21},"end":{"line":34,"column":1}},"2":{"start":{"line":4,"column":1},"end":{"line":33,"column":4}},"3":{"start":{"line":5,"column":15},"end":{"line":5,"column":17}},"4":{"start":{"line":6,"column":14},"end":{"line":6,"column":36}},"5":{"start":{"line":7,"column":2},"end":{"line":31,"column":3}},"6":{"start":{"line":7,"column":15},"end":{"line":7,"column":37}},"7":{"start":{"line":8,"column":3},"end":{"line":30,"column":7}},"8":{"start":{"line":21,"column":5},"end":{"line":24,"column":6}},"9":{"start":{"line":22,"column":6},"end":{"line":22,"column":22}},"10":{"start":{"line":23,"column":6},"end":{"line":23,"column":13}},"11":{"start":{"line":25,"column":5},"end":{"line":25,"column":39}},"12":{"start":{"line":28,"column":5},"end":{"line":28,"column":17}},"13":{"start":{"line":29,"column":5},"end":{"line":29,"column":12}},"14":{"start":{"line":32,"column":2},"end":{"line":32,"column":18}},"15":{"start":{"line":36,"column":21},"end":{"line":65,"column":1}},"16":{"start":{"line":37,"column":1},"end":{"line":64,"column":4}},"17":{"start":{"line":38,"column":2},"end":{"line":63,"column":6}},"18":{"start":{"line":59,"column":4},"end":{"line":59,"column":34}},"19":{"start":{"line":62,"column":4},"end":{"line":62,"column":16}},"20":{"start":{"line":67,"column":23},"end":{"line":100,"column":1}},"21":{"start":{"line":68,"column":1},"end":{"line":99,"column":4}},"22":{"start":{"line":69,"column":2},"end":{"line":98,"column":5}},"23":{"start":{"line":90,"column":16},"end":{"line":90,"column":44}},"24":{"start":{"line":91,"column":3},"end":{"line":93,"column":4}},"25":{"start":{"line":92,"column":4},"end":{"line":92,"column":42}},"26":{"start":{"line":94,"column":3},"end":{"line":94,"column":19}},"27":{"start":{"line":97,"column":3},"end":{"line":97,"column":15}},"28":{"start":{"line":102,"column":25},"end":{"line":120,"column":1}},"29":{"start":{"line":103,"column":1},"end":{"line":119,"column":4}},"30":{"start":{"line":104,"column":2},"end":{"line":118,"column":5}},"31":{"start":{"line":111,"column":3},"end":{"line":113,"column":4}},"32":{"start":{"line":112,"column":4},"end":{"line":112,"column":16}},"33":{"start":{"line":114,"column":3},"end":{"line":114,"column":33}},"34":{"start":{"line":117,"column":3},"end":{"line":117,"column":15}},"35":{"start":{"line":123,"column":0},"end":{"line":123,"column":88}}},"fnMap":{"0":{"name":"(anonymous_0)","decl":{"start":{"line":3,"column":21},"end":{"line":3,"column":22}},"loc":{"start":{"line":3,"column":44},"end":{"line":34,"column":1}},"line":3},"1":{"name":"(anonymous_1)","decl":{"start":{"line":4,"column":21},"end":{"line":4,"column":22}},"loc":{"start":{"line":4,"column":48},"end":{"line":33,"column":2}},"line":4},"2":{"name":"(anonymous_2)","decl":{"start":{"line":20,"column":10},"end":{"line":20,"column":11}},"loc":{"start":{"line":20,"column":20},"end":{"line":26,"column":5}},"line":20},"3":{"name":"(anonymous_3)","decl":{"start":{"line":27,"column":11},"end":{"line":27,"column":12}},"loc":{"start":{"line":27,"column":20},"end":{"line":30,"column":5}},"line":27},"4":{"name":"(anonymous_4)","decl":{"start":{"line":36,"column":21},"end":{"line":36,"column":22}},"loc":{"start":{"line":36,"column":35},"end":{"line":65,"column":1}},"line":36},"5":{"name":"(anonymous_5)","decl":{"start":{"line":37,"column":21},"end":{"line":37,"column":22}},"loc":{"start":{"line":37,"column":42},"end":{"line":64,"column":2}},"line":37},"6":{"name":"(anonymous_6)","decl":{"start":{"line":58,"column":9},"end":{"line":58,"column":10}},"loc":{"start":{"line":58,"column":19},"end":{"line":60,"column":4}},"line":58},"7":{"name":"(anonymous_7)","decl":{"start":{"line":61,"column":10},"end":{"line":61,"column":11}},"loc":{"start":{"line":61,"column":19},"end":{"line":63,"column":4}},"line":61},"8":{"name":"(anonymous_8)","decl":{"start":{"line":67,"column":23},"end":{"line":67,"column":24}},"loc":{"start":{"line":67,"column":31},"end":{"line":100,"column":1}},"line":67},"9":{"name":"(anonymous_9)","decl":{"start":{"line":68,"column":20},"end":{"line":68,"column":21}},"loc":{"start":{"line":68,"column":41},"end":{"line":99,"column":2}},"line":68},"10":{"name":"(anonymous_10)","decl":{"start":{"line":89,"column":8},"end":{"line":89,"column":9}},"loc":{"start":{"line":89,"column":18},"end":{"line":95,"column":3}},"line":89},"11":{"name":"(anonymous_11)","decl":{"start":{"line":96,"column":9},"end":{"line":96,"column":10}},"loc":{"start":{"line":96,"column":18},"end":{"line":98,"column":3}},"line":96},"12":{"name":"(anonymous_12)","decl":{"start":{"line":102,"column":25},"end":{"line":102,"column":26}},"loc":{"start":{"line":102,"column":33},"end":{"line":120,"column":1}},"line":102},"13":{"name":"(anonymous_13)","decl":{"start":{"line":103,"column":20},"end":{"line":103,"column":21}},"loc":{"start":{"line":103,"column":41},"end":{"line":119,"column":2}},"line":103},"14":{"name":"(anonymous_14)","decl":{"start":{"line":110,"column":8},"end":{"line":110,"column":9}},"loc":{"start":{"line":110,"column":18},"end":{"line":115,"column":3}},"line":110},"15":{"name":"(anonymous_15)","decl":{"start":{"line":116,"column":9},"end":{"line":116,"column":10}},"loc":{"start":{"line":116,"column":18},"end":{"line":118,"column":3}},"line":116}},"branchMap":{"0":{"loc":{"start":{"line":21,"column":5},"end":{"line":24,"column":6}},"type":"if","locations":[{"start":{"line":21,"column":5},"end":{"line":24,"column":6}},{"start":{},"end":{}}],"line":21},"1":{"loc":{"start":{"line":91,"column":3},"end":{"line":93,"column":4}},"type":"if","locations":[{"start":{"line":91,"column":3},"end":{"line":93,"column":4}},{"start":{},"end":{}}],"line":91},"2":{"loc":{"start":{"line":111,"column":3},"end":{"line":113,"column":4}},"type":"if","locations":[{"start":{"line":111,"column":3},"end":{"line":113,"column":4}},{"start":{},"end":{}}],"line":111}},"s":{"0":1,"1":1,"2":10,"3":10,"4":10,"5":10,"6":10,"7":105,"8":105,"9":0,"10":0,"11":105,"12":0,"13":0,"14":10,"15":1,"16":504,"17":504,"18":504,"19":0,"20":1,"21":204,"22":204,"23":204,"24":204,"25":169,"26":204,"27":0,"28":1,"29":24,"30":24,"31":24,"32":1,"33":24,"34":0,"35":1},"f":{"0":10,"1":10,"2":105,"3":0,"4":504,"5":504,"6":504,"7":0,"8":204,"9":204,"10":204,"11":0,"12":24,"13":24,"14":24,"15":0},"b":{"0":[0,105],"1":[169,35],"2":[1,23]},"_coverageSchema":"1a1c01bbd47fc00a2c39e90264f33305004495a9","hash":"d53c080366708adbf0b59c9360c02e211a6e403e"}
,"/home/bsbaker/hackreactor/sdc-product-overview/database/SQL/index.js": {"path":"/home/bsbaker/hackreactor/sdc-product-overview/database/SQL/index.js","statementMap":{"0":{"start":{"line":1,"column":17},"end":{"line":1,"column":30}},"1":{"start":{"line":3,"column":15},"end":{"line":3,"column":41}},"2":{"start":{"line":5,"column":11},"end":{"line":11,"column":2}},"3":{"start":{"line":13,"column":0},"end":{"line":19,"column":2}},"4":{"start":{"line":15,"column":1},"end":{"line":15,"column":37}},"5":{"start":{"line":18,"column":1},"end":{"line":18,"column":50}},"6":{"start":{"line":21,"column":0},"end":{"line":21,"column":20}}},"fnMap":{"0":{"name":"(anonymous_0)","decl":{"start":{"line":14,"column":6},"end":{"line":14,"column":7}},"loc":{"start":{"line":14,"column":12},"end":{"line":16,"column":1}},"line":14},"1":{"name":"(anonymous_1)","decl":{"start":{"line":17,"column":7},"end":{"line":17,"column":8}},"loc":{"start":{"line":17,"column":16},"end":{"line":19,"column":1}},"line":17}},"branchMap":{},"s":{"0":1,"1":1,"2":1,"3":1,"4":1,"5":0,"6":1},"f":{"0":1,"1":0},"b":{},"_coverageSchema":"1a1c01bbd47fc00a2c39e90264f33305004495a9","hash":"654d7ec0a27c1b50915ad70fec872a11551a8c0d"}
,"/home/bsbaker/hackreactor/sdc-product-overview/server/index.js": {"path":"/home/bsbaker/hackreactor/sdc-product-overview/server/index.js","statementMap":{"0":{"start":{"line":1,"column":16},"end":{"line":1,"column":34}},"1":{"start":{"line":2,"column":15},"end":{"line":2,"column":38}},"2":{"start":{"line":4,"column":18},"end":{"line":4,"column":55}},"3":{"start":{"line":5,"column":15},"end":{"line":5,"column":34}},"4":{"start":{"line":6,"column":12},"end":{"line":6,"column":21}},"5":{"start":{"line":8,"column":0},"end":{"line":8,"column":24}},"6":{"start":{"line":10,"column":0},"end":{"line":13,"column":3}},"7":{"start":{"line":11,"column":2},"end":{"line":11,"column":52}},"8":{"start":{"line":12,"column":2},"end":{"line":12,"column":9}},"9":{"start":{"line":15,"column":0},"end":{"line":15,"column":29}},"10":{"start":{"line":17,"column":0},"end":{"line":19,"column":3}},"11":{"start":{"line":18,"column":2},"end":{"line":18,"column":56}},"12":{"start":{"line":21,"column":0},"end":{"line":21,"column":21}}},"fnMap":{"0":{"name":"(anonymous_0)","decl":{"start":{"line":10,"column":8},"end":{"line":10,"column":9}},"loc":{"start":{"line":10,"column":28},"end":{"line":13,"column":1}},"line":10},"1":{"name":"(anonymous_1)","decl":{"start":{"line":17,"column":24},"end":{"line":17,"column":25}},"loc":{"start":{"line":17,"column":30},"end":{"line":19,"column":1}},"line":17}},"branchMap":{},"s":{"0":1,"1":1,"2":1,"3":1,"4":1,"5":1,"6":1,"7":744,"8":744,"9":1,"10":1,"11":1,"12":1},"f":{"0":744,"1":1},"b":{},"_coverageSchema":"1a1c01bbd47fc00a2c39e90264f33305004495a9","hash":"da96f4d3914b9f78e5c6df6baf1d8468743e669a"}
,"/home/bsbaker/hackreactor/sdc-product-overview/server/routes/index.js": {"path":"/home/bsbaker/hackreactor/sdc-product-overview/server/routes/index.js","statementMap":{"0":{"start":{"line":1,"column":25},"end":{"line":1,"column":52}},"1":{"start":{"line":3,"column":28},"end":{"line":3,"column":58}},"2":{"start":{"line":5,"column":16},"end":{"line":5,"column":34}},"3":{"start":{"line":6,"column":15},"end":{"line":6,"column":31}},"4":{"start":{"line":8,"column":0},"end":{"line":10,"column":3}},"5":{"start":{"line":9,"column":1},"end":{"line":9,"column":28}},"6":{"start":{"line":12,"column":0},"end":{"line":12,"column":90}},"7":{"start":{"line":12,"column":41},"end":{"line":12,"column":88}},"8":{"start":{"line":14,"column":0},"end":{"line":14,"column":99}},"9":{"start":{"line":14,"column":48},"end":{"line":14,"column":97}},"10":{"start":{"line":16,"column":0},"end":{"line":16,"column":102}},"11":{"start":{"line":16,"column":49},"end":{"line":16,"column":100}},"12":{"start":{"line":18,"column":0},"end":{"line":18,"column":23}}},"fnMap":{"0":{"name":"(anonymous_0)","decl":{"start":{"line":8,"column":16},"end":{"line":8,"column":17}},"loc":{"start":{"line":8,"column":30},"end":{"line":10,"column":1}},"line":8},"1":{"name":"(anonymous_1)","decl":{"start":{"line":12,"column":27},"end":{"line":12,"column":28}},"loc":{"start":{"line":12,"column":41},"end":{"line":12,"column":88}},"line":12},"2":{"name":"(anonymous_2)","decl":{"start":{"line":14,"column":34},"end":{"line":14,"column":35}},"loc":{"start":{"line":14,"column":48},"end":{"line":14,"column":97}},"line":14},"3":{"name":"(anonymous_3)","decl":{"start":{"line":16,"column":35},"end":{"line":16,"column":36}},"loc":{"start":{"line":16,"column":49},"end":{"line":16,"column":100}},"line":16}},"branchMap":{},"s":{"0":1,"1":1,"2":1,"3":1,"4":1,"5":10,"6":1,"7":505,"8":1,"9":205,"10":1,"11":24,"12":1},"f":{"0":10,"1":505,"2":205,"3":24},"b":{},"_coverageSchema":"1a1c01bbd47fc00a2c39e90264f33305004495a9","hash":"ad0a778c95e0f79c3bd60cb9e8fea218bca05b09"}
,"/home/bsbaker/hackreactor/sdc-product-overview/server/routes/productDetails.js": {"path":"/home/bsbaker/hackreactor/sdc-product-overview/server/routes/productDetails.js","statementMap":{"0":{"start":{"line":1,"column":18},"end":{"line":1,"column":58}},"1":{"start":{"line":4,"column":0},"end":{"line":23,"column":2}},"2":{"start":{"line":5,"column":1},"end":{"line":5,"column":40}},"3":{"start":{"line":6,"column":10},"end":{"line":6,"column":31}},"4":{"start":{"line":7,"column":1},"end":{"line":12,"column":2}},"5":{"start":{"line":8,"column":2},"end":{"line":8,"column":23}},"6":{"start":{"line":9,"column":2},"end":{"line":9,"column":61}},"7":{"start":{"line":10,"column":2},"end":{"line":10,"column":49}},"8":{"start":{"line":11,"column":2},"end":{"line":11,"column":9}},"9":{"start":{"line":13,"column":1},"end":{"line":22,"column":4}},"10":{"start":{"line":15,"column":2},"end":{"line":15,"column":23}},"11":{"start":{"line":16,"column":2},"end":{"line":16,"column":33}},"12":{"start":{"line":19,"column":2},"end":{"line":19,"column":59}},"13":{"start":{"line":20,"column":2},"end":{"line":20,"column":23}},"14":{"start":{"line":21,"column":2},"end":{"line":21,"column":32}}},"fnMap":{"0":{"name":"(anonymous_0)","decl":{"start":{"line":4,"column":17},"end":{"line":4,"column":18}},"loc":{"start":{"line":4,"column":42},"end":{"line":23,"column":1}},"line":4},"1":{"name":"(anonymous_1)","decl":{"start":{"line":14,"column":7},"end":{"line":14,"column":8}},"loc":{"start":{"line":14,"column":17},"end":{"line":17,"column":2}},"line":14},"2":{"name":"(anonymous_2)","decl":{"start":{"line":18,"column":8},"end":{"line":18,"column":9}},"loc":{"start":{"line":18,"column":17},"end":{"line":22,"column":2}},"line":18}},"branchMap":{"0":{"loc":{"start":{"line":7,"column":1},"end":{"line":12,"column":2}},"type":"if","locations":[{"start":{"line":7,"column":1},"end":{"line":12,"column":2}},{"start":{},"end":{}}],"line":7}},"s":{"0":1,"1":1,"2":734,"3":734,"4":734,"5":2,"6":2,"7":2,"8":2,"9":732,"10":732,"11":732,"12":0,"13":0,"14":0},"f":{"0":734,"1":732,"2":0},"b":{"0":[2,732]},"_coverageSchema":"1a1c01bbd47fc00a2c39e90264f33305004495a9","hash":"857d4e89738f0e8c36b0a1105aee0000f848dea4"}
,"/home/bsbaker/hackreactor/sdc-product-overview/server/routes/productList.js": {"path":"/home/bsbaker/hackreactor/sdc-product-overview/server/routes/productList.js","statementMap":{"0":{"start":{"line":1,"column":25},"end":{"line":1,"column":65}},"1":{"start":{"line":3,"column":0},"end":{"line":18,"column":2}},"2":{"start":{"line":4,"column":1},"end":{"line":4,"column":37}},"3":{"start":{"line":5,"column":15},"end":{"line":5,"column":24}},"4":{"start":{"line":6,"column":15},"end":{"line":6,"column":52}},"5":{"start":{"line":7,"column":14},"end":{"line":7,"column":49}},"6":{"start":{"line":8,"column":1},"end":{"line":17,"column":3}},"7":{"start":{"line":10,"column":2},"end":{"line":10,"column":23}},"8":{"start":{"line":11,"column":2},"end":{"line":11,"column":33}},"9":{"start":{"line":14,"column":2},"end":{"line":14,"column":50}},"10":{"start":{"line":15,"column":2},"end":{"line":15,"column":23}},"11":{"start":{"line":16,"column":2},"end":{"line":16,"column":12}}},"fnMap":{"0":{"name":"(anonymous_0)","decl":{"start":{"line":3,"column":17},"end":{"line":3,"column":18}},"loc":{"start":{"line":3,"column":31},"end":{"line":18,"column":1}},"line":3},"1":{"name":"(anonymous_1)","decl":{"start":{"line":9,"column":7},"end":{"line":9,"column":8}},"loc":{"start":{"line":9,"column":17},"end":{"line":12,"column":2}},"line":9},"2":{"name":"(anonymous_2)","decl":{"start":{"line":13,"column":8},"end":{"line":13,"column":9}},"loc":{"start":{"line":13,"column":17},"end":{"line":17,"column":2}},"line":13}},"branchMap":{"0":{"loc":{"start":{"line":6,"column":15},"end":{"line":6,"column":52}},"type":"cond-expr","locations":[{"start":{"line":6,"column":29},"end":{"line":6,"column":48}},{"start":{"line":6,"column":51},"end":{"line":6,"column":52}}],"line":6},"1":{"loc":{"start":{"line":7,"column":14},"end":{"line":7,"column":49}},"type":"cond-expr","locations":[{"start":{"line":7,"column":27},"end":{"line":7,"column":45}},{"start":{"line":7,"column":48},"end":{"line":7,"column":49}}],"line":7}},"s":{"0":1,"1":1,"2":10,"3":10,"4":10,"5":10,"6":10,"7":10,"8":10,"9":0,"10":0,"11":0},"f":{"0":10,"1":10,"2":0},"b":{"0":[4,6],"1":[4,6]},"_coverageSchema":"1a1c01bbd47fc00a2c39e90264f33305004495a9","hash":"6a40896ab6567d2197247b6c134c820b2c2927a3"}
,"/home/bsbaker/hackreactor/sdc-product-overview/server/spec/productData.js": {"path":"/home/bsbaker/hackreactor/sdc-product-overview/server/spec/productData.js","statementMap":{"0":{"start":{"line":1,"column":0},"end":{"line":23,"column":2}}},"fnMap":{},"branchMap":{},"s":{"0":1},"f":{},"b":{},"_coverageSchema":"1a1c01bbd47fc00a2c39e90264f33305004495a9","hash":"2b9afb6e41d040eae17a4c1fb385a785f02aaac2"}
}
