TN:
SF:config.js
FNF:0
FNH:0
DA:1,1
DA:3,1
LF:2
LH:2
BRF:0
BRH:0
end_of_record
TN:
SF:database/SQL/helpers.js
FN:3,(anonymous_0)
FN:4,(anonymous_1)
FN:20,(anonymous_2)
FN:27,(anonymous_3)
FN:36,(anonymous_4)
FN:37,(anonymous_5)
FN:58,(anonymous_6)
FN:61,(anonymous_7)
FN:67,(anonymous_8)
FN:68,(anonymous_9)
FN:89,(anonymous_10)
FN:93,(anonymous_11)
FN:99,(anonymous_12)
FN:100,(anonymous_13)
FN:107,(anonymous_14)
FN:110,(anonymous_15)
FNF:16
FNH:10
FNDA:10,(anonymous_0)
FNDA:10,(anonymous_1)
FNDA:105,(anonymous_2)
FNDA:0,(anonymous_3)
FNDA:503,(anonymous_4)
FNDA:503,(anonymous_5)
FNDA:503,(anonymous_6)
FNDA:0,(anonymous_7)
FNDA:2,(anonymous_8)
FNDA:2,(anonymous_9)
FNDA:2,(anonymous_10)
FNDA:1,(anonymous_11)
FNDA:0,(anonymous_12)
FNDA:0,(anonymous_13)
FNDA:0,(anonymous_14)
FNDA:0,(anonymous_15)
DA:1,1
DA:3,1
DA:4,10
DA:5,10
DA:6,10
DA:7,10
DA:8,105
DA:21,105
DA:22,0
DA:23,0
DA:25,105
DA:28,0
DA:29,0
DA:32,10
DA:36,1
DA:37,503
DA:38,503
DA:59,503
DA:62,0
DA:67,1
DA:68,2
DA:69,2
DA:90,2
DA:91,1
DA:94,1
DA:99,1
DA:100,0
DA:101,0
DA:108,0
DA:111,0
DA:117,1
LF:31
LH:22
BRDA:21,0,0,0
BRDA:21,0,1,105
BRF:2
BRH:1
end_of_record
TN:
SF:database/SQL/index.js
FN:14,(anonymous_0)
FN:17,(anonymous_1)
FNF:2
FNH:1
FNDA:1,(anonymous_0)
FNDA:0,(anonymous_1)
DA:1,1
DA:3,1
DA:5,1
DA:13,1
DA:15,1
DA:18,0
DA:21,1
LF:7
LH:6
BRF:0
BRH:0
end_of_record
TN:
SF:server/index.js
FN:10,(anonymous_0)
FN:17,(anonymous_1)
FNF:2
FNH:1
FNDA:517,(anonymous_0)
FNDA:0,(anonymous_1)
DA:1,1
DA:2,1
DA:4,1
DA:5,1
DA:6,1
DA:8,1
DA:10,1
DA:11,517
DA:12,517
DA:15,1
DA:17,1
DA:18,0
DA:21,1
LF:13
LH:12
BRF:0
BRH:0
end_of_record
TN:
SF:server/routes/index.js
FN:8,(anonymous_0)
FN:12,(anonymous_1)
FN:14,(anonymous_2)
FN:16,(anonymous_3)
FNF:4
FNH:3
FNDA:10,(anonymous_0)
FNDA:504,(anonymous_1)
FNDA:3,(anonymous_2)
FNDA:0,(anonymous_3)
DA:1,1
DA:3,1
DA:5,1
DA:6,1
DA:8,1
DA:9,10
DA:12,504
DA:14,3
DA:16,1
DA:18,1
LF:10
LH:10
BRF:0
BRH:0
end_of_record
TN:
SF:server/routes/productDetails.js
FN:4,(anonymous_0)
FN:14,(anonymous_1)
FN:18,(anonymous_2)
FNF:3
FNH:3
FNDA:507,(anonymous_0)
FNDA:504,(anonymous_1)
FNDA:1,(anonymous_2)
DA:1,1
DA:4,1
DA:5,507
DA:6,507
DA:7,507
DA:8,2
DA:9,2
DA:10,2
DA:11,2
DA:13,505
DA:15,504
DA:16,504
DA:19,1
DA:20,1
DA:21,1
LF:15
LH:15
BRDA:7,0,0,2
BRDA:7,0,1,505
BRF:2
BRH:2
end_of_record
TN:
SF:server/routes/productList.js
FN:3,(anonymous_0)
FN:9,(anonymous_1)
FN:13,(anonymous_2)
FNF:3
FNH:2
FNDA:10,(anonymous_0)
FNDA:10,(anonymous_1)
FNDA:0,(anonymous_2)
DA:1,1
DA:3,1
DA:4,10
DA:5,10
DA:6,10
DA:7,10
DA:8,10
DA:10,10
DA:11,10
DA:14,0
DA:15,0
DA:16,0
LF:12
LH:9
BRDA:6,0,0,4
BRDA:6,0,1,6
BRDA:7,1,0,4
BRDA:7,1,1,6
BRF:4
BRH:4
end_of_record
TN:
SF:server/spec/productData.js
FNF:0
FNH:0
DA:1,1
LF:1
LH:1
BRF:0
BRH:0
end_of_record
