TN:
SF:config.js
FNF:0
FNH:0
DA:1,1
DA:3,1
LF:2
LH:2
BRF:0
BRH:0
end_of_record
TN:
SF:database/SQL/helpers.js
FN:3,(anonymous_0)
FN:4,(anonymous_1)
FN:20,(anonymous_2)
FN:27,(anonymous_3)
FN:36,(anonymous_4)
FN:37,(anonymous_5)
FN:58,(anonymous_6)
FN:61,(anonymous_7)
FN:67,(anonymous_8)
FN:68,(anonymous_9)
FN:89,(anonymous_10)
FN:96,(anonymous_11)
FN:102,(anonymous_12)
FN:103,(anonymous_13)
FN:110,(anonymous_14)
FN:116,(anonymous_15)
FNF:16
FNH:12
FNDA:10,(anonymous_0)
FNDA:10,(anonymous_1)
FNDA:105,(anonymous_2)
FNDA:0,(anonymous_3)
FNDA:504,(anonymous_4)
FNDA:504,(anonymous_5)
FNDA:504,(anonymous_6)
FNDA:0,(anonymous_7)
FNDA:204,(anonymous_8)
FNDA:204,(anonymous_9)
FNDA:204,(anonymous_10)
FNDA:0,(anonymous_11)
FNDA:24,(anonymous_12)
FNDA:24,(anonymous_13)
FNDA:24,(anonymous_14)
FNDA:0,(anonymous_15)
DA:1,1
DA:3,1
DA:4,10
DA:5,10
DA:6,10
DA:7,10
DA:8,105
DA:21,105
DA:22,0
DA:23,0
DA:25,105
DA:28,0
DA:29,0
DA:32,10
DA:36,1
DA:37,504
DA:38,504
DA:59,504
DA:62,0
DA:67,1
DA:68,204
DA:69,204
DA:90,204
DA:91,204
DA:92,169
DA:94,204
DA:97,0
DA:102,1
DA:103,24
DA:104,24
DA:111,24
DA:112,1
DA:114,24
DA:117,0
DA:123,1
LF:35
LH:28
BRDA:21,0,0,0
BRDA:21,0,1,105
BRDA:91,1,0,169
BRDA:91,1,1,35
BRDA:111,2,0,1
BRDA:111,2,1,23
BRF:6
BRH:5
end_of_record
TN:
SF:database/SQL/index.js
FN:14,(anonymous_0)
FN:17,(anonymous_1)
FNF:2
FNH:1
FNDA:1,(anonymous_0)
FNDA:0,(anonymous_1)
DA:1,1
DA:3,1
DA:5,1
DA:13,1
DA:15,1
DA:18,0
DA:21,1
LF:7
LH:6
BRF:0
BRH:0
end_of_record
TN:
SF:server/index.js
FN:10,(anonymous_0)
FN:17,(anonymous_1)
FNF:2
FNH:2
FNDA:744,(anonymous_0)
FNDA:1,(anonymous_1)
DA:1,1
DA:2,1
DA:4,1
DA:5,1
DA:6,1
DA:8,1
DA:10,1
DA:11,744
DA:12,744
DA:15,1
DA:17,1
DA:18,1
DA:21,1
LF:13
LH:13
BRF:0
BRH:0
end_of_record
TN:
SF:server/routes/index.js
FN:8,(anonymous_0)
FN:12,(anonymous_1)
FN:14,(anonymous_2)
FN:16,(anonymous_3)
FNF:4
FNH:4
FNDA:10,(anonymous_0)
FNDA:505,(anonymous_1)
FNDA:205,(anonymous_2)
FNDA:24,(anonymous_3)
DA:1,1
DA:3,1
DA:5,1
DA:6,1
DA:8,1
DA:9,10
DA:12,505
DA:14,205
DA:16,24
DA:18,1
LF:10
LH:10
BRF:0
BRH:0
end_of_record
TN:
SF:server/routes/productDetails.js
FN:4,(anonymous_0)
FN:14,(anonymous_1)
FN:18,(anonymous_2)
FNF:3
FNH:2
FNDA:734,(anonymous_0)
FNDA:732,(anonymous_1)
FNDA:0,(anonymous_2)
DA:1,1
DA:4,1
DA:5,734
DA:6,734
DA:7,734
DA:8,2
DA:9,2
DA:10,2
DA:11,2
DA:13,732
DA:15,732
DA:16,732
DA:19,0
DA:20,0
DA:21,0
LF:15
LH:12
BRDA:7,0,0,2
BRDA:7,0,1,732
BRF:2
BRH:2
end_of_record
TN:
SF:server/routes/productList.js
FN:3,(anonymous_0)
FN:9,(anonymous_1)
FN:13,(anonymous_2)
FNF:3
FNH:2
FNDA:10,(anonymous_0)
FNDA:10,(anonymous_1)
FNDA:0,(anonymous_2)
DA:1,1
DA:3,1
DA:4,10
DA:5,10
DA:6,10
DA:7,10
DA:8,10
DA:10,10
DA:11,10
DA:14,0
DA:15,0
DA:16,0
LF:12
LH:9
BRDA:6,0,0,4
BRDA:6,0,1,6
BRDA:7,1,0,4
BRDA:7,1,1,6
BRF:4
BRH:4
end_of_record
TN:
SF:server/spec/productData.js
FNF:0
FNH:0
DA:1,1
LF:1
LH:1
BRF:0
BRH:0
end_of_record
